<?xml version="1.0" encoding="UTF-8"?>
<!-- Generated by org.testng.reporters.JUnitXMLReporter -->
<testsuite ignored="0" hostname="Sameer" failures="0" tests="4" name="Default test" time="0.088" errors="0" timestamp="2021-09-09T05:10:01 IST">
  <testcase classname="SeleniumDemo1.TestNGGroups" name="test1" time="0.014"/>
  <testcase classname="SeleniumDemo1.TestNGGroups" name="test2" time="0.002"/>
  <testcase classname="SeleniumDemo1.TestNGGroups" name="test3" time="0.003"/>
  <testcase classname="SeleniumDemo1.TestNGGroups" name="test4" time="0.005"/>
</testsuite> <!-- Default test -->
