<?xml version="1.0" encoding="UTF-8"?>
<!-- Generated by org.testng.reporters.JUnitXMLReporter -->
<testsuite ignored="0" hostname="Sameer" failures="0" tests="4" name="Default test" time="53.07" errors="0" timestamp="2021-08-24T04:26:55 IST">
  <testcase classname="com.crm.qa.testcases.LandingPageTest" name="testLandingPageLogo" time="0.213"/>
  <testcase classname="com.crm.qa.testcases.LandingPageTest" name="testLoginButton" time="3.228"/>
  <testcase classname="com.crm.qa.testcases.LandingPageTest" name="testSignup" time="3.854"/>
  <testcase classname="com.crm.qa.testcases.LandingPageTest" name="testTitle" time="0.035"/>
</testsuite> <!-- Default test -->
